Flow report for Sequence_Detector
Wed Jun 17 22:24:59 2020
Quartus II 64-Bit Version 13.1.0 Build 162 10/23/2013 SJ Web Edition


---------------------
; Table of Contents ;
---------------------
  1. Legal Notice
  2. Flow Summary
  3. Flow Settings
  4. Flow Non-Default Global Settings
  5. Flow Elapsed Time
  6. Flow OS Summary
  7. Flow Log
  8. Flow Messages
  9. Flow Suppressed Messages



----------------
; Legal Notice ;
----------------
Copyright (C) 1991-2013 Altera Corporation
Your use of Altera Corporation's design tools, logic functions 
and other software and tools, and its AMPP partner logic 
functions, and any output files from any of the foregoing 
(including device programming or simulation files), and any 
associated documentation or information are expressly subject 
to the terms and conditions of the Altera Program License 
Subscription Agreement, Altera MegaCore Function License 
Agreement, or other applicable license agreement, including, 
without limitation, that your use is for the sole purpose of 
programming logic devices manufactured by Altera and sold by 
Altera or its authorized distributors.  Please refer to the 
applicable agreement for further details.



+---------------------------------------------------------------------------------+
; Flow Summary                                                                    ;
+------------------------------------+--------------------------------------------+
; Flow Status                        ; Successful - Wed Jun 17 22:24:59 2020      ;
; Quartus II 64-Bit Version          ; 13.1.0 Build 162 10/23/2013 SJ Web Edition ;
; Revision Name                      ; Sequence_Detector                          ;
; Top-level Entity Name              ; Sequence_Detector                          ;
; Family                             ; Cyclone IV E                               ;
; Device                             ; EP4CE6E22C8                                ;
; Timing Models                      ; Final                                      ;
; Total logic elements               ; 55 / 6,272 ( < 1 % )                       ;
;     Total combinational functions  ; 55 / 6,272 ( < 1 % )                       ;
;     Dedicated logic registers      ; 12 / 6,272 ( < 1 % )                       ;
; Total registers                    ; 12                                         ;
; Total pins                         ; 38 / 92 ( 41 % )                           ;
; Total virtual pins                 ; 0                                          ;
; Total memory bits                  ; 0 / 276,480 ( 0 % )                        ;
; Embedded Multiplier 9-bit elements ; 0 / 30 ( 0 % )                             ;
; Total PLLs                         ; 0 / 2 ( 0 % )                              ;
+------------------------------------+--------------------------------------------+


+-----------------------------------------+
; Flow Settings                           ;
+-------------------+---------------------+
; Option            ; Setting             ;
+-------------------+---------------------+
; Start date & time ; 06/17/2020 19:28:48 ;
; Main task         ; Compilation         ;
; Revision Name     ; Sequence_Detector   ;
+-------------------+---------------------+


+------------------------------------------------------------------------------------------------------------------------------------------+
; Flow Non-Default Global Settings                                                                                                         ;
+-------------------------------------+-----------------------------------------------------+---------------+-------------+----------------+
; Assignment Name                     ; Value                                               ; Default Value ; Entity Name ; Section Id     ;
+-------------------------------------+-----------------------------------------------------+---------------+-------------+----------------+
; COMPILER_SIGNATURE_ID               ; 79461731221347.159239332813752                      ; --            ; --          ; --             ;
; EDA_GENERATE_FUNCTIONAL_NETLIST     ; On                                                  ; --            ; --          ; eda_simulation ;
; EDA_NETLIST_WRITER_OUTPUT_DIR       ; D:/Zircon_Verilog/Sequence_Detecor/simulation/qsim/ ; --            ; --          ; eda_simulation ;
; EDA_OUTPUT_DATA_FORMAT              ; Verilog Hdl                                         ; --            ; --          ; eda_simulation ;
; EDA_SIMULATION_TOOL                 ; ModelSim-Altera (Verilog)                           ; <None>        ; --          ; --             ;
; MAX_CORE_JUNCTION_TEMP              ; 85                                                  ; --            ; --          ; --             ;
; MIN_CORE_JUNCTION_TEMP              ; 0                                                   ; --            ; --          ; --             ;
; NOMINAL_CORE_SUPPLY_VOLTAGE         ; 1.2V                                                ; --            ; --          ; --             ;
; PARTITION_COLOR                     ; 16764057                                            ; --            ; --          ; Top            ;
; PARTITION_FITTER_PRESERVATION_LEVEL ; PLACEMENT_AND_ROUTING                               ; --            ; --          ; Top            ;
; PARTITION_NETLIST_TYPE              ; SOURCE                                              ; --            ; --          ; Top            ;
; PROJECT_OUTPUT_DIRECTORY            ; output_files                                        ; --            ; --          ; --             ;
+-------------------------------------+-----------------------------------------------------+---------------+-------------+----------------+


+-------------------------------------------------------------------------------------------------------------------------------+
; Flow Elapsed Time                                                                                                             ;
+---------------------------+--------------+-------------------------+---------------------+------------------------------------+
; Module Name               ; Elapsed Time ; Average Processors Used ; Peak Virtual Memory ; Total CPU Time (on all processors) ;
+---------------------------+--------------+-------------------------+---------------------+------------------------------------+
; Analysis & Synthesis      ; 00:00:02     ; 1.0                     ; 4617 MB             ; 00:00:02                           ;
; Fitter                    ; 00:00:05     ; 1.0                     ; 4961 MB             ; 00:00:06                           ;
; Assembler                 ; 00:00:01     ; 1.0                     ; 4576 MB             ; 00:00:01                           ;
; TimeQuest Timing Analyzer ; 00:00:02     ; 1.0                     ; 4621 MB             ; 00:00:02                           ;
; EDA Netlist Writer        ; 00:00:00     ; 1.0                     ; 4542 MB             ; 00:00:00                           ;
; EDA Netlist Writer        ; 00:00:00     ; 1.0                     ; 4549 MB             ; 00:00:01                           ;
; EDA Netlist Writer        ; 00:00:01     ; 1.0                     ; 4549 MB             ; 00:00:01                           ;
; EDA Netlist Writer        ; 00:00:01     ; 1.0                     ; 4549 MB             ; 00:00:01                           ;
; EDA Netlist Writer        ; 00:00:01     ; 1.0                     ; 4549 MB             ; 00:00:01                           ;
; EDA Netlist Writer        ; 00:00:01     ; 1.0                     ; 4549 MB             ; 00:00:01                           ;
; EDA Netlist Writer        ; 00:00:01     ; 1.0                     ; 4549 MB             ; 00:00:01                           ;
; Total                     ; 00:00:15     ; --                      ; --                  ; 00:00:17                           ;
+---------------------------+--------------+-------------------------+---------------------+------------------------------------+


+----------------------------------------------------------------------------------------+
; Flow OS Summary                                                                        ;
+---------------------------+------------------+-----------+------------+----------------+
; Module Name               ; Machine Hostname ; OS Name   ; OS Version ; Processor type ;
+---------------------------+------------------+-----------+------------+----------------+
; Analysis & Synthesis      ; DESKTOP-O9DQOGF  ; Windows 7 ; 6.2        ; x86_64         ;
; Fitter                    ; DESKTOP-O9DQOGF  ; Windows 7 ; 6.2        ; x86_64         ;
; Assembler                 ; DESKTOP-O9DQOGF  ; Windows 7 ; 6.2        ; x86_64         ;
; TimeQuest Timing Analyzer ; DESKTOP-O9DQOGF  ; Windows 7 ; 6.2        ; x86_64         ;
; EDA Netlist Writer        ; DESKTOP-O9DQOGF  ; Windows 7 ; 6.2        ; x86_64         ;
; EDA Netlist Writer        ; DESKTOP-O9DQOGF  ; Windows 7 ; 6.2        ; x86_64         ;
; EDA Netlist Writer        ; DESKTOP-O9DQOGF  ; Windows 7 ; 6.2        ; x86_64         ;
; EDA Netlist Writer        ; DESKTOP-O9DQOGF  ; Windows 7 ; 6.2        ; x86_64         ;
; EDA Netlist Writer        ; DESKTOP-O9DQOGF  ; Windows 7 ; 6.2        ; x86_64         ;
; EDA Netlist Writer        ; DESKTOP-O9DQOGF  ; Windows 7 ; 6.2        ; x86_64         ;
; EDA Netlist Writer        ; DESKTOP-O9DQOGF  ; Windows 7 ; 6.2        ; x86_64         ;
+---------------------------+------------------+-----------+------------+----------------+


------------
; Flow Log ;
------------
quartus_map --read_settings_files=on --write_settings_files=off Sequence_Detector -c Sequence_Detector
quartus_fit --read_settings_files=off --write_settings_files=off Sequence_Detector -c Sequence_Detector
quartus_asm --read_settings_files=off --write_settings_files=off Sequence_Detector -c Sequence_Detector
quartus_sta Sequence_Detector -c Sequence_Detector
quartus_eda --read_settings_files=off --write_settings_files=off Sequence_Detector -c Sequence_Detector
quartus_eda --gen_testbench --check_outputs=on --tool=modelsim_oem --format=verilog Sequence_Detector -c Sequence_Detector --vector_source=D:/Zircon_Verilog/Sequence_Detecor/Waveform2.vwf --testbench_file=D:/Zircon_Verilog/Sequence_Detecor/simulation/qsim/Waveform2.vwf.vt
quartus_eda --functional=on --flatten_buses=off --simulation=on --tool=modelsim_oem --format=verilog --output_directory=D:/Zircon_Verilog/Sequence_Detecor/simulation/qsim/ Sequence_Detector -c Sequence_Detector
quartus_eda --gen_testbench --check_outputs=on --tool=modelsim_oem --format=verilog Sequence_Detector -c Sequence_Detector --vector_source=D:/Zircon_Verilog/Sequence_Detecor/Waveform.vwf --testbench_file=D:/Zircon_Verilog/Sequence_Detecor/simulation/qsim/Waveform.vwf.vt
quartus_eda --functional=on --flatten_buses=off --simulation=on --tool=modelsim_oem --format=verilog --output_directory=D:/Zircon_Verilog/Sequence_Detecor/simulation/qsim/ Sequence_Detector -c Sequence_Detector
quartus_eda --gen_testbench --check_outputs=on --tool=modelsim_oem --format=verilog Sequence_Detector -c Sequence_Detector --vector_source=D:/Zircon_Verilog/Sequence_Detecor/Waveform2.vwf --testbench_file=D:/Zircon_Verilog/Sequence_Detecor/simulation/qsim/Waveform2.vwf.vt
quartus_eda --functional=on --flatten_buses=off --simulation=on --tool=modelsim_oem --format=verilog --output_directory=D:/Zircon_Verilog/Sequence_Detecor/simulation/qsim/ Sequence_Detector -c Sequence_Detector



